<?xml version="1.0" encoding="UTF-8"?>
<testsuites>
  <testsuite name="CodeIgniter Application Test Suite" tests="12" assertions="12" failures="0" errors="0" time="0.037438">
    <testsuite name="Validation_test" file="D:\Library\rest-server-client\rest-server\application\tests\libraries\Validation_test.php" tests="12" assertions="12" failures="0" errors="0" time="0.037438">
      <testcase name="testValueValidation" class="Validation_test" file="D:\Library\rest-server-client\rest-server\application\tests\libraries\Validation_test.php" line="40" assertions="1" time="0.007323"/>
      <testcase name="testRequiredShouldSuccess" class="Validation_test" file="D:\Library\rest-server-client\rest-server\application\tests\libraries\Validation_test.php" line="51" assertions="0" time="0.002533"/>
      <testcase name="testRequiredShouldFailed" class="Validation_test" file="D:\Library\rest-server-client\rest-server\application\tests\libraries\Validation_test.php" line="58" assertions="1" time="0.004278"/>
      <testcase name="testEmailShouldValid" class="Validation_test" file="D:\Library\rest-server-client\rest-server\application\tests\libraries\Validation_test.php" line="71" assertions="0" time="0.002687"/>
      <testcase name="testEmailShouldInvalid" class="Validation_test" file="D:\Library\rest-server-client\rest-server\application\tests\libraries\Validation_test.php" line="77" assertions="1" time="0.002499"/>
      <testcase name="testMinLengthShouldSuccess" class="Validation_test" file="D:\Library\rest-server-client\rest-server\application\tests\libraries\Validation_test.php" line="85" assertions="0" time="0.002390"/>
      <testcase name="testMinLengthShouldFailed" class="Validation_test" file="D:\Library\rest-server-client\rest-server\application\tests\libraries\Validation_test.php" line="93" assertions="1" time="0.002376"/>
      <testcase name="testMaxLengthShouldSuccess" class="Validation_test" file="D:\Library\rest-server-client\rest-server\application\tests\libraries\Validation_test.php" line="102" assertions="0" time="0.002819"/>
      <testcase name="testMaxLengthShouldFailed" class="Validation_test" file="D:\Library\rest-server-client\rest-server\application\tests\libraries\Validation_test.php" line="111" assertions="1" time="0.002949"/>
      <testcase name="testLengthBetweenShouldSuccess" class="Validation_test" file="D:\Library\rest-server-client\rest-server\application\tests\libraries\Validation_test.php" line="123" assertions="0" time="0.002447"/>
      <testcase name="testLengthBetweenShouldFailed" class="Validation_test" file="D:\Library\rest-server-client\rest-server\application\tests\libraries\Validation_test.php" line="131" assertions="1" time="0.002423"/>
      <testcase name="testFailedValidation" class="Validation_test" file="D:\Library\rest-server-client\rest-server\application\tests\libraries\Validation_test.php" line="140" assertions="6" time="0.002714"/>
    </testsuite>
  </testsuite>
</testsuites>
