<?xml version="1.0" encoding="UTF-8"?>
<testsuites>
  <testsuite name="CodeIgniter Application Test Suite" tests="22" assertions="33" failures="0" errors="0" time="0.423636">
    <testsuite name="Example_test" file="D:\Library\rest-server-client\rest-server\application\tests\controllers\Example_test.php" tests="4" assertions="9" failures="0" errors="0" time="0.137882">
      <testcase name="testExample" class="Example_test" file="D:\Library\rest-server-client\rest-server\application\tests\controllers\Example_test.php" line="5" assertions="3" time="0.082437"/>
      <testcase name="testExistingExampleShouldNotEmpty" class="Example_test" file="D:\Library\rest-server-client\rest-server\application\tests\controllers\Example_test.php" line="25" assertions="2" time="0.007244"/>
      <testcase name="testExampleNotFound" class="Example_test" file="D:\Library\rest-server-client\rest-server\application\tests\controllers\Example_test.php" line="32" assertions="1" time="0.007029"/>
      <testcase name="testPostExampleShouldSuccess" class="Example_test" file="D:\Library\rest-server-client\rest-server\application\tests\controllers\Example_test.php" line="38" assertions="3" time="0.041172"/>
    </testsuite>
    <testsuite name="Validation_test" file="D:\Library\rest-server-client\rest-server\application\tests\libraries\Validation_test.php" tests="18" assertions="24" failures="0" errors="0" time="0.285754">
      <testcase name="testValueValidation" class="Validation_test" file="D:\Library\rest-server-client\rest-server\application\tests\libraries\Validation_test.php" line="41" assertions="1" time="0.101830"/>
      <testcase name="testRequiredShouldSuccess" class="Validation_test" file="D:\Library\rest-server-client\rest-server\application\tests\libraries\Validation_test.php" line="52" assertions="0" time="0.008000"/>
      <testcase name="testRequiredShouldFailed" class="Validation_test" file="D:\Library\rest-server-client\rest-server\application\tests\libraries\Validation_test.php" line="59" assertions="1" time="0.022228"/>
      <testcase name="testEmailShouldValid" class="Validation_test" file="D:\Library\rest-server-client\rest-server\application\tests\libraries\Validation_test.php" line="72" assertions="0" time="0.003962"/>
      <testcase name="testEmailShouldInvalid" class="Validation_test" file="D:\Library\rest-server-client\rest-server\application\tests\libraries\Validation_test.php" line="78" assertions="1" time="0.003564"/>
      <testcase name="testMinLengthShouldSuccess" class="Validation_test" file="D:\Library\rest-server-client\rest-server\application\tests\libraries\Validation_test.php" line="86" assertions="0" time="0.003449"/>
      <testcase name="testMinLengthShouldFailed" class="Validation_test" file="D:\Library\rest-server-client\rest-server\application\tests\libraries\Validation_test.php" line="94" assertions="1" time="0.005052"/>
      <testcase name="testMaxLengthShouldSuccess" class="Validation_test" file="D:\Library\rest-server-client\rest-server\application\tests\libraries\Validation_test.php" line="108" assertions="0" time="0.003704"/>
      <testcase name="testMaxLengthShouldFailed" class="Validation_test" file="D:\Library\rest-server-client\rest-server\application\tests\libraries\Validation_test.php" line="117" assertions="1" time="0.003699"/>
      <testcase name="testLengthBetweenShouldSuccess" class="Validation_test" file="D:\Library\rest-server-client\rest-server\application\tests\libraries\Validation_test.php" line="129" assertions="0" time="0.003609"/>
      <testcase name="testLengthBetweenShouldFailed" class="Validation_test" file="D:\Library\rest-server-client\rest-server\application\tests\libraries\Validation_test.php" line="137" assertions="1" time="0.003685"/>
      <testcase name="testNumericOnlyShouldSuccess" class="Validation_test" file="D:\Library\rest-server-client\rest-server\application\tests\libraries\Validation_test.php" line="146" assertions="0" time="0.003835"/>
      <testcase name="testNumericOnlyShouldFailed" class="Validation_test" file="D:\Library\rest-server-client\rest-server\application\tests\libraries\Validation_test.php" line="158" assertions="1" time="0.003589"/>
      <testcase name="testRepeatedValidationShouldOverride" class="Validation_test" file="D:\Library\rest-server-client\rest-server\application\tests\libraries\Validation_test.php" line="170" assertions="0" time="0.003780"/>
      <testcase name="testValidationOrderShouldCorrect" class="Validation_test" file="D:\Library\rest-server-client\rest-server\application\tests\libraries\Validation_test.php" line="176" assertions="2" time="0.003951"/>
      <testcase name="testFileValidation" class="Validation_test" file="D:\Library\rest-server-client\rest-server\application\tests\libraries\Validation_test.php" line="193" assertions="5" time="0.075973"/>
      <testcase name="testCustomValidationShouldBeExecuted" class="Validation_test" file="D:\Library\rest-server-client\rest-server\application\tests\libraries\Validation_test.php" line="231" assertions="3" time="0.003769"/>
      <testcase name="testFailedValidation" class="Validation_test" file="D:\Library\rest-server-client\rest-server\application\tests\libraries\Validation_test.php" line="272" assertions="7" time="0.028075"/>
    </testsuite>
  </testsuite>
</testsuites>
