<?xml version="1.0" encoding="UTF-8"?>
<testsuites>
  <testsuite name="CodeIgniter Application Test Suite" tests="22" assertions="35" failures="0" errors="0" time="2.695129">
    <testsuite name="Example_test" file="D:\Library\rest-server-client\rest-server\application\tests\controllers\Example_test.php" tests="4" assertions="9" failures="0" errors="0" time="2.333005">
      <testcase name="testExample" class="Example_test" file="D:\Library\rest-server-client\rest-server\application\tests\controllers\Example_test.php" line="5" assertions="3" time="2.269292"/>
      <testcase name="testExistingExampleShouldNotEmpty" class="Example_test" file="D:\Library\rest-server-client\rest-server\application\tests\controllers\Example_test.php" line="25" assertions="2" time="0.023123"/>
      <testcase name="testExampleNotFound" class="Example_test" file="D:\Library\rest-server-client\rest-server\application\tests\controllers\Example_test.php" line="32" assertions="1" time="0.015368"/>
      <testcase name="testPostExampleShouldSuccess" class="Example_test" file="D:\Library\rest-server-client\rest-server\application\tests\controllers\Example_test.php" line="38" assertions="3" time="0.025222"/>
    </testsuite>
    <testsuite name="Validation_test" file="D:\Library\rest-server-client\rest-server\application\tests\libraries\Validation_test.php" tests="18" assertions="26" failures="0" errors="0" time="0.362124">
      <testcase name="testValueValidation" class="Validation_test" file="D:\Library\rest-server-client\rest-server\application\tests\libraries\Validation_test.php" line="44" assertions="1" time="0.063204"/>
      <testcase name="testRequiredShouldSuccess" class="Validation_test" file="D:\Library\rest-server-client\rest-server\application\tests\libraries\Validation_test.php" line="55" assertions="0" time="0.006286"/>
      <testcase name="testRequiredShouldFailed" class="Validation_test" file="D:\Library\rest-server-client\rest-server\application\tests\libraries\Validation_test.php" line="62" assertions="1" time="0.033347"/>
      <testcase name="testEmailShouldValid" class="Validation_test" file="D:\Library\rest-server-client\rest-server\application\tests\libraries\Validation_test.php" line="75" assertions="0" time="0.006026"/>
      <testcase name="testEmailShouldInvalid" class="Validation_test" file="D:\Library\rest-server-client\rest-server\application\tests\libraries\Validation_test.php" line="81" assertions="1" time="0.005732"/>
      <testcase name="testMinLengthShouldSuccess" class="Validation_test" file="D:\Library\rest-server-client\rest-server\application\tests\libraries\Validation_test.php" line="89" assertions="0" time="0.005646"/>
      <testcase name="testMinLengthShouldFailed" class="Validation_test" file="D:\Library\rest-server-client\rest-server\application\tests\libraries\Validation_test.php" line="97" assertions="1" time="0.005777"/>
      <testcase name="testMaxLengthShouldSuccess" class="Validation_test" file="D:\Library\rest-server-client\rest-server\application\tests\libraries\Validation_test.php" line="111" assertions="0" time="0.005642"/>
      <testcase name="testMaxLengthShouldFailed" class="Validation_test" file="D:\Library\rest-server-client\rest-server\application\tests\libraries\Validation_test.php" line="120" assertions="1" time="0.006419"/>
      <testcase name="testLengthBetweenShouldSuccess" class="Validation_test" file="D:\Library\rest-server-client\rest-server\application\tests\libraries\Validation_test.php" line="132" assertions="0" time="0.005527"/>
      <testcase name="testLengthBetweenShouldFailed" class="Validation_test" file="D:\Library\rest-server-client\rest-server\application\tests\libraries\Validation_test.php" line="140" assertions="1" time="0.005686"/>
      <testcase name="testNumericOnlyShouldSuccess" class="Validation_test" file="D:\Library\rest-server-client\rest-server\application\tests\libraries\Validation_test.php" line="149" assertions="0" time="0.005682"/>
      <testcase name="testNumericOnlyShouldFailed" class="Validation_test" file="D:\Library\rest-server-client\rest-server\application\tests\libraries\Validation_test.php" line="161" assertions="1" time="0.005676"/>
      <testcase name="testRepeatedValidationShouldOverride" class="Validation_test" file="D:\Library\rest-server-client\rest-server\application\tests\libraries\Validation_test.php" line="173" assertions="0" time="0.005674"/>
      <testcase name="testValidationOrderShouldCorrect" class="Validation_test" file="D:\Library\rest-server-client\rest-server\application\tests\libraries\Validation_test.php" line="179" assertions="2" time="0.005724"/>
      <testcase name="testFileValidation" class="Validation_test" file="D:\Library\rest-server-client\rest-server\application\tests\libraries\Validation_test.php" line="196" assertions="5" time="0.167372"/>
      <testcase name="testCustomValidationShouldBeExecuted" class="Validation_test" file="D:\Library\rest-server-client\rest-server\application\tests\libraries\Validation_test.php" line="242" assertions="3" time="0.006518"/>
      <testcase name="testFailedValidation" class="Validation_test" file="D:\Library\rest-server-client\rest-server\application\tests\libraries\Validation_test.php" line="283" assertions="9" time="0.016185"/>
    </testsuite>
  </testsuite>
</testsuites>
